{
  "RSpec": {
    "coverage": {
      "/Users/idobok/Development/code/phase0/tic-tac-toe-rb/lib/tic_tac_toe.rb": [
        null,
        1,
        null,
        null,
        null,
        null,
        null,
        null,
        null,
        null,
        null,
        1,
        null,
        1,
        25,
        25,
        25,
        25,
        25,
        null,
        null,
        1,
        24,
        null,
        null,
        1,
        23,
        null,
        null,
        1,
        110,
        null,
        null,
        1,
        24,
        22,
        21,
        null,
        null,
        null,
        null,
        1,
        220,
        null,
        null,
        1,
        21,
        null,
        null,
        1,
        21,
        21,
        21,
        21,
        20,
        20,
        null,
        1,
        null,
        null,
        null,
        1,
        46,
        285,
        null,
        null,
        null,
        null,
        null,
        1,
        154,
        null,
        null,
        1,
        24,
        null,
        null,
        1,
        22,
        null,
        null,
        1,
        7,
        6,
        null,
        null,
        null,
        1,
        12,
        12,
        5,
        7,
        3,
        null,
        null
      ]
    },
    "timestamp": 1635804099
  }
}
